
> @famgia/omnify-atlas@0.0.151 build /Users/f.satoshi/Herd/omnify-ts/packages/omnify-core-atlas-adapter
> tsup

CLI Building entry: src/index.ts
CLI Using tsconfig: tsconfig.json
CLI tsup v8.5.1
CLI Using tsup config: /Users/f.satoshi/Herd/omnify-ts/packages/omnify-core-atlas-adapter/tsup.config.ts
CLI Target: es2022
CLI Cleaning output folder
ESM Build start
CJS Build start
CJS dist/index.cjs     65.00 KB
CJS dist/index.cjs.map 129.29 KB
CJS ⚡️ Build success in 48ms
ESM dist/index.js     60.41 KB
ESM dist/index.js.map 125.20 KB
ESM ⚡️ Build success in 49ms
DTS Build start
DTS ⚡️ Build success in 2753ms
DTS dist/index.d.ts  33.24 KB
DTS dist/index.d.cts 33.24 KB
